<?xml version="1.0" encoding="UTF-8" ?>
<testsuite errors="0" failures="22" hostname="GGGG" name="scientificcalculator.complexnumber.ComplexNumberTest" skipped="0" tests="69" time="0.391" timestamp="2023-12-13T17:26:54">
  <properties>
[...]
</properties>
  <testcase classname="scientificcalculator.complexnumber.ComplexNumberTest" name="testSum10" time="0.021" />
  <testcase classname="scientificcalculator.complexnumber.ComplexNumberTest" name="testSum11" time="0.016">
    <failure message="expected:&lt;-4.48[+]8.14i&gt; but was:&lt;-4.48[-]8.14i&gt;" type="junit.framework.AssertionFailedError">junit.framework.AssertionFailedError: expected:&lt;-4.48[+]8.14i&gt; but was:&lt;-4.48[-]8.14i&gt;
	at scientificcalculator.complexnumber.ComplexNumberTest.testSum11(ComplexNumberTest.java:136)
</failure>
  </testcase>
  <testcase classname="scientificcalculator.complexnumber.ComplexNumberTest" name="testSum12" time="0.003">
    <failure message="expected:&lt;-8[.0+4.4]&gt; but was:&lt;-8[+4.4i]&gt;" type="junit.framework.AssertionFailedError">junit.framework.AssertionFailedError: expected:&lt;-8[.0+4.4]&gt; but was:&lt;-8[+4.4i]&gt;
	at scientificcalculator.complexnumber.ComplexNumberTest.testSum12(ComplexNumberTest.java:145)
</failure>
  </testcase>
  <testcase classname="scientificcalculator.complexnumber.ComplexNumberTest" name="testSum13" time="0.002">
    <failure message="expected:&lt;6.6+79.29[]&gt; but was:&lt;6.6+79.29[i]&gt;" type="junit.framework.AssertionFailedError">junit.framework.AssertionFailedError: expected:&lt;6.6+79.29[]&gt; but was:&lt;6.6+79.29[i]&gt;
	at scientificcalculator.complexnumber.ComplexNumberTest.testSum13(ComplexNumberTest.java:154)
</failure>
  </testcase>
  <testcase classname="scientificcalculator.complexnumber.ComplexNumberTest" name="testSum14" time="0.001" />
  <testcase classname="scientificcalculator.complexnumber.ComplexNumberTest" name="testSum15" time="0.001" />
  <testcase classname="scientificcalculator.complexnumber.ComplexNumberTest" name="testSum16" time="0.003">
    <failure message="expected:&lt;146.7[+]-9.6i&gt; but was:&lt;146.7[]-9.6i&gt;" type="junit.framework.AssertionFailedError">junit.framework.AssertionFailedError: expected:&lt;146.7[+]-9.6i&gt; but was:&lt;146.7[]-9.6i&gt;
	at scientificcalculator.complexnumber.ComplexNumberTest.testSum16(ComplexNumberTest.java:181)
</failure>
  </testcase>
  <testcase classname="scientificcalculator.complexnumber.ComplexNumberTest" name="testSum17" time="0.003">
    <failure message="expected:&lt;16[.0]-23.36i&gt; but was:&lt;16[]-23.36i&gt;" type="junit.framework.AssertionFailedError">junit.framework.AssertionFailedError: expected:&lt;16[.0]-23.36i&gt; but was:&lt;16[]-23.36i&gt;
	at scientificcalculator.complexnumber.ComplexNumberTest.testSum17(ComplexNumberTest.java:190)
</failure>
  </testcase>
  <testcase classname="scientificcalculator.complexnumber.ComplexNumberTest" name="testSum18" time="0.001" />
  <testcase classname="scientificcalculator.complexnumber.ComplexNumberTest" name="testSum19" time="0.001" />
  <testcase classname="scientificcalculator.complexnumber.ComplexNumberTest" name="testSum20" time="0.001" />
  <testcase classname="scientificcalculator.complexnumber.ComplexNumberTest" name="testSum21" time="0.001" />
  <testcase classname="scientificcalculator.complexnumber.ComplexNumberTest" name="testSum22" time="0.001" />
  <testcase classname="scientificcalculator.complexnumber.ComplexNumberTest" name="testSum23" time="0.001" />
  <testcase classname="scientificcalculator.complexnumber.ComplexNumberTest" name="testSum24" time="0.001" />
  <testcase classname="scientificcalculator.complexnumber.ComplexNumberTest" name="testSum25" time="0.004" />
  <testcase classname="scientificcalculator.complexnumber.ComplexNumberTest" name="testSum26" time="0.001" />
  <testcase classname="scientificcalculator.complexnumber.ComplexNumberTest" name="testSum27" time="0.001" />
  <testcase classname="scientificcalculator.complexnumber.ComplexNumberTest" name="testSum28" time="0.001" />
  <testcase classname="scientificcalculator.complexnumber.ComplexNumberTest" name="testSum29" time="0.001" />
  <testcase classname="scientificcalculator.complexnumber.ComplexNumberTest" name="testSum30" time="0.003">
    <failure message="expected:&lt;[87.3]+1.7i&gt; but was:&lt;[79.1]+1.7i&gt;" type="junit.framework.AssertionFailedError">junit.framework.AssertionFailedError: expected:&lt;[87.3]+1.7i&gt; but was:&lt;[79.1]+1.7i&gt;
	at scientificcalculator.complexnumber.ComplexNumberTest.testSum30(ComplexNumberTest.java:307)
</failure>
  </testcase>
  <testcase classname="scientificcalculator.complexnumber.ComplexNumberTest" name="testSum31" time="0.001" />
  <testcase classname="scientificcalculator.complexnumber.ComplexNumberTest" name="testSum32" time="0.002" />
  <testcase classname="scientificcalculator.complexnumber.ComplexNumberTest" name="testSum33" time="0.002" />
  <testcase classname="scientificcalculator.complexnumber.ComplexNumberTest" name="testSum34" time="0.001" />
  <testcase classname="scientificcalculator.complexnumber.ComplexNumberTest" name="testSum35" time="0.0" />
  <testcase classname="scientificcalculator.complexnumber.ComplexNumberTest" name="testSum36" time="0.001" />
  <testcase classname="scientificcalculator.complexnumber.ComplexNumberTest" name="testSum37" time="0.003">
    <failure message="expected:&lt;[-]0.8+7.7i&gt; but was:&lt;[]0.8+7.7i&gt;" type="junit.framework.AssertionFailedError">junit.framework.AssertionFailedError: expected:&lt;[-]0.8+7.7i&gt; but was:&lt;[]0.8+7.7i&gt;
	at scientificcalculator.complexnumber.ComplexNumberTest.testSum37(ComplexNumberTest.java:370)
</failure>
  </testcase>
  <testcase classname="scientificcalculator.complexnumber.ComplexNumberTest" name="testSum38" time="0.001" />
  <testcase classname="scientificcalculator.complexnumber.ComplexNumberTest" name="testSum39" time="0.001" />
  <testcase classname="scientificcalculator.complexnumber.ComplexNumberTest" name="testSum40" time="0.002">
    <failure message="expected:&lt;[10.8]&gt; but was:&lt;[-8.6]&gt;" type="junit.framework.AssertionFailedError">junit.framework.AssertionFailedError: expected:&lt;[10.8]&gt; but was:&lt;[-8.6]&gt;
	at scientificcalculator.complexnumber.ComplexNumberTest.testSum40(ComplexNumberTest.java:397)
</failure>
  </testcase>
  <testcase classname="scientificcalculator.complexnumber.ComplexNumberTest" name="testSum41" time="0.0" />
  <testcase classname="scientificcalculator.complexnumber.ComplexNumberTest" name="testSum42" time="0.0" />
  <testcase classname="scientificcalculator.complexnumber.ComplexNumberTest" name="testSum43" time="0.001" />
  <testcase classname="scientificcalculator.complexnumber.ComplexNumberTest" name="testSum44" time="0.002" />
  <testcase classname="scientificcalculator.complexnumber.ComplexNumberTest" name="testSum45" time="0.003">
    <failure message="expected:&lt;6.6+79.29[]&gt; but was:&lt;6.6+79.29[i]&gt;" type="junit.framework.AssertionFailedError">junit.framework.AssertionFailedError: expected:&lt;6.6+79.29[]&gt; but was:&lt;6.6+79.29[i]&gt;
	at scientificcalculator.complexnumber.ComplexNumberTest.testSum45(ComplexNumberTest.java:442)
</failure>
  </testcase>
  <testcase classname="scientificcalculator.complexnumber.ComplexNumberTest" name="testSum46" time="0.003">
    <failure message="expected:&lt;75+[60]i&gt; but was:&lt;75+[42]i&gt;" type="junit.framework.AssertionFailedError">junit.framework.AssertionFailedError: expected:&lt;75+[60]i&gt; but was:&lt;75+[42]i&gt;
	at scientificcalculator.complexnumber.ComplexNumberTest.testSum46(ComplexNumberTest.java:451)
</failure>
  </testcase>
  <testcase classname="scientificcalculator.complexnumber.ComplexNumberTest" name="testSum47" time="0.001" />
  <testcase classname="scientificcalculator.complexnumber.ComplexNumberTest" name="testSum48" time="0.001" />
  <testcase classname="scientificcalculator.complexnumber.ComplexNumberTest" name="testSum49" time="0.0" />
  <testcase classname="scientificcalculator.complexnumber.ComplexNumberTest" name="testSum50" time="0.001" />
  <testcase classname="scientificcalculator.complexnumber.ComplexNumberTest" name="testSum51" time="0.005">
    <failure message="expected:&lt;[98+162]i&gt; but was:&lt;[10-74]i&gt;" type="junit.framework.AssertionFailedError">junit.framework.AssertionFailedError: expected:&lt;[98+162]i&gt; but was:&lt;[10-74]i&gt;
	at scientificcalculator.complexnumber.ComplexNumberTest.testSum51(ComplexNumberTest.java:496)
</failure>
  </testcase>
  <testcase classname="scientificcalculator.complexnumber.ComplexNumberTest" name="testSum52" time="0.003">
    <failure message="expected:&lt;[-]8-4i&gt; but was:&lt;[]8-4i&gt;" type="junit.framework.AssertionFailedError">junit.framework.AssertionFailedError: expected:&lt;[-]8-4i&gt; but was:&lt;[]8-4i&gt;
	at scientificcalculator.complexnumber.ComplexNumberTest.testSum52(ComplexNumberTest.java:505)
</failure>
  </testcase>
  <testcase classname="scientificcalculator.complexnumber.ComplexNumberTest" name="testSum53" time="0.001" />
  <testcase classname="scientificcalculator.complexnumber.ComplexNumberTest" name="testSum54" time="0.001" />
  <testcase classname="scientificcalculator.complexnumber.ComplexNumberTest" name="testSum55" time="0.001" />
  <testcase classname="scientificcalculator.complexnumber.ComplexNumberTest" name="testSum56" time="0.001" />
  <testcase classname="scientificcalculator.complexnumber.ComplexNumberTest" name="testSum57" time="0.002">
    <failure message="expected:&lt;79.1+9.9i[;]&gt; but was:&lt;79.1+9.9i[]&gt;" type="junit.framework.AssertionFailedError">junit.framework.AssertionFailedError: expected:&lt;79.1+9.9i[;]&gt; but was:&lt;79.1+9.9i[]&gt;
	at scientificcalculator.complexnumber.ComplexNumberTest.testSum57(ComplexNumberTest.java:550)
</failure>
  </testcase>
  <testcase classname="scientificcalculator.complexnumber.ComplexNumberTest" name="testSum58" time="0.003">
    <failure message="expected:&lt;[-80+77]i&gt; but was:&lt;[79.1+9.9]i&gt;" type="junit.framework.AssertionFailedError">junit.framework.AssertionFailedError: expected:&lt;[-80+77]i&gt; but was:&lt;[79.1+9.9]i&gt;
	at scientificcalculator.complexnumber.ComplexNumberTest.testSum58(ComplexNumberTest.java:559)
</failure>
  </testcase>
  <testcase classname="scientificcalculator.complexnumber.ComplexNumberTest" name="testSum59" time="0.001" />
  <testcase classname="scientificcalculator.complexnumber.ComplexNumberTest" name="testSum60" time="0.001" />
  <testcase classname="scientificcalculator.complexnumber.ComplexNumberTest" name="testSum61" time="0.001" />
  <testcase classname="scientificcalculator.complexnumber.ComplexNumberTest" name="testSum62" time="0.003">
    <failure message="expected:&lt;1.2+10[.0]i&gt; but was:&lt;1.2+10[]i&gt;" type="junit.framework.AssertionFailedError">junit.framework.AssertionFailedError: expected:&lt;1.2+10[.0]i&gt; but was:&lt;1.2+10[]i&gt;
	at scientificcalculator.complexnumber.ComplexNumberTest.testSum62(ComplexNumberTest.java:595)
</failure>
  </testcase>
  <testcase classname="scientificcalculator.complexnumber.ComplexNumberTest" name="testSum63" time="0.002" />
  <testcase classname="scientificcalculator.complexnumber.ComplexNumberTest" name="testSum64" time="0.003">
    <failure message="expected:&lt;9.8[+]15.45i&gt; but was:&lt;9.8[-]15.45i&gt;" type="junit.framework.AssertionFailedError">junit.framework.AssertionFailedError: expected:&lt;9.8[+]15.45i&gt; but was:&lt;9.8[-]15.45i&gt;
	at scientificcalculator.complexnumber.ComplexNumberTest.testSum64(ComplexNumberTest.java:613)
</failure>
  </testcase>
  <testcase classname="scientificcalculator.complexnumber.ComplexNumberTest" name="testSum65" time="0.003">
    <failure message="expected:&lt;[-]8.1-1.11i&gt; but was:&lt;[]8.1-1.11i&gt;" type="junit.framework.AssertionFailedError">junit.framework.AssertionFailedError: expected:&lt;[-]8.1-1.11i&gt; but was:&lt;[]8.1-1.11i&gt;
	at scientificcalculator.complexnumber.ComplexNumberTest.testSum65(ComplexNumberTest.java:622)
</failure>
  </testcase>
  <testcase classname="scientificcalculator.complexnumber.ComplexNumberTest" name="testSum66" time="0.0" />
  <testcase classname="scientificcalculator.complexnumber.ComplexNumberTest" name="testSum67" time="0.002">
    <failure message="expected:&lt;-8.6[]&gt; but was:&lt;-8.6[i]&gt;" type="junit.framework.AssertionFailedError">junit.framework.AssertionFailedError: expected:&lt;-8.6[]&gt; but was:&lt;-8.6[i]&gt;
	at scientificcalculator.complexnumber.ComplexNumberTest.testSum67(ComplexNumberTest.java:640)
</failure>
  </testcase>
  <testcase classname="scientificcalculator.complexnumber.ComplexNumberTest" name="testSum68" time="0.001" />
  <testcase classname="scientificcalculator.complexnumber.ComplexNumberTest" name="testSum69" time="0.002">
    <failure message="expected:&lt;[-]0.6i&gt; but was:&lt;[]0.6i&gt;" type="junit.framework.AssertionFailedError">junit.framework.AssertionFailedError: expected:&lt;[-]0.6i&gt; but was:&lt;[]0.6i&gt;
	at scientificcalculator.complexnumber.ComplexNumberTest.testSum69(ComplexNumberTest.java:658)
</failure>
  </testcase>
  <testcase classname="scientificcalculator.complexnumber.ComplexNumberTest" name="testSum1" time="0.001" />
  <testcase classname="scientificcalculator.complexnumber.ComplexNumberTest" name="testSum2" time="0.001" />
  <testcase classname="scientificcalculator.complexnumber.ComplexNumberTest" name="testSum3" time="0.001" />
  <testcase classname="scientificcalculator.complexnumber.ComplexNumberTest" name="testSum4" time="0.004">
    <failure message="expected:&lt;[-]73-64i&gt; but was:&lt;[]73-64i&gt;" type="junit.framework.AssertionFailedError">junit.framework.AssertionFailedError: expected:&lt;[-]73-64i&gt; but was:&lt;[]73-64i&gt;
	at scientificcalculator.complexnumber.ComplexNumberTest.testSum4(ComplexNumberTest.java:73)
</failure>
  </testcase>
  <testcase classname="scientificcalculator.complexnumber.ComplexNumberTest" name="testSum5" time="0.001" />
  <testcase classname="scientificcalculator.complexnumber.ComplexNumberTest" name="testSum6" time="0.001" />
  <testcase classname="scientificcalculator.complexnumber.ComplexNumberTest" name="testSum7" time="0.001" />
  <testcase classname="scientificcalculator.complexnumber.ComplexNumberTest" name="testSum8" time="0.002">
    <failure message="expected:&lt;-[55+]73i&gt; but was:&lt;-[41-]73i&gt;" type="junit.framework.AssertionFailedError">junit.framework.AssertionFailedError: expected:&lt;-[55+]73i&gt; but was:&lt;-[41-]73i&gt;
	at scientificcalculator.complexnumber.ComplexNumberTest.testSum8(ComplexNumberTest.java:109)
</failure>
  </testcase>
  <testcase classname="scientificcalculator.complexnumber.ComplexNumberTest" name="testSum9" time="0.002">
    <failure message="expected:&lt;-91[+]46i&gt; but was:&lt;-91[-]46i&gt;" type="junit.framework.AssertionFailedError">junit.framework.AssertionFailedError: expected:&lt;-91[+]46i&gt; but was:&lt;-91[-]46i&gt;
	at scientificcalculator.complexnumber.ComplexNumberTest.testSum9(ComplexNumberTest.java:118)
</failure>
  </testcase>
  <system-out><![CDATA[]]></system-out>
  <system-err><![CDATA[]]></system-err>
</testsuite>
